Unable to capture context for thread 13160 in process 11324, can not generate back trace
Exception at PC 0x00007FF891473FB8
Unable to capture context for thread 13160 in process 11324, can not generate back trace
Exception at PC 0x00007FF82BCDBB93
Printing stacktrace...

Exception at PC 0x00007FF891473FB8
Exception at PC 0x00007FF891473FB8
Exception at PC 0x00007FF891473FB8
Exception at PC 0x00007FF891473FB8
Exception at PC 0x00007FF891473FB8
Exception at PC 0x00007FF891473FB8
Exception at PC 0x00007FF891473FB8
Exception at PC 0x00007FF891473FB8
Exception at PC 0x00007FF891473FB8
Exception at PC 0x00007FF891473FB8
Exception at PC 0x00007FF891473FB8
Exception at PC 0x00007FF891473FB8
Exception at PC 0x00007FF891473FB8
Exception at PC 0x00007FF891473FB8
Exception at PC 0x00007FF891473FB8
Exception at PC 0x00007FF891473FB8
[0]  [0x00007FF82BCDBB93]
[1]  [0x00007FF82BCDBB93]
[2]  [0x00007FF82BCDB4A1]
[3]  [0x00007FF82BCDB3EF]
[4]  [0x00007FF82BCC19FE]
[5]  [0x00007FF82BCC0ED1]
[6]  [0x00007FF82BCC0D76]
[7]  [0x00007FF82BC679F6]
[8]  [0x00007FF82BC57AFB]
[9]  [0x00007FF82BD7E90A]
[10]  [0x00007FF82BD99F87]
[11]  [0x00007FF82BD9A05F]
[12] (BaseThreadInitThunk+0x14) [0x00007FF8940F1FE4]
[13] (RtlUserThreadStart+0x21) [0x00007FF89472EF91]
Done
