Unable to capture context for thread 5224 in process 900, can not generate back trace
Unable to capture context for thread 21540 in process 900, can not generate back trace
Unable to capture context for thread 9252 in process 900, can not generate back trace
Exception at PC 0x00007FFF56B9BB93
Printing stacktrace...

Unable to capture context for thread 9252 in process 900, can not generate back trace
Exception at PC 0x00007FFFC1804008
Exception at PC 0x00007FFFC1804008
Exception at PC 0x00007FFFC1804008
Exception at PC 0x00007FFFC1804008
Exception at PC 0x00007FFFC1804008
Exception at PC 0x00007FFFC1804008
Exception at PC 0x00007FFFC1804008
Exception at PC 0x00007FFFC1804008
Exception at PC 0x00007FFFC1804008
Exception at PC 0x00007FFFC1804008
Exception at PC 0x00007FFFC1804008
Exception at PC 0x00007FFFC1804008
Exception at PC 0x00007FFFC1804008
Exception at PC 0x00007FFFC1804008
Exception at PC 0x00007FFFC1804008
[0]  [0x00007FFF56B9BB93]
[1]  [0x00007FFF56B9BB93]
[2]  [0x00007FFF56B9B4A1]
[3]  [0x00007FFF56B9B3EF]
[4]  [0x00007FFF56B819FE]
[5]  [0x00007FFF56B80ED1]
[6]  [0x00007FFF56B80D76]
[7]  [0x00007FFF56B279F6]
[8]  [0x00007FFF56B17AFB]
[9]  [0x00007FFF56C3E90A]
[10]  [0x00007FFF56C59F87]
[11]  [0x00007FFF56C5A05F]
[12] (BaseThreadInitThunk+0x14) [0x00007FFFC4FE1FE4]
[13] (RtlUserThreadStart+0x21) [0x00007FFFC52AEFC1]
Done
Exception at PC 0x00007FFFC1804008
Exception at PC 0x00007FFFC1804008
