Unable to capture context for thread 11176 in process 6380, can not generate back trace
Exception at PC 0x00007FFB561ABB93
Printing stacktrace...

Unable to capture context for thread 11176 in process 6380, can not generate back trace
Exception at PC 0x00007FFBC00E3FB8
Exception at PC 0x00007FFBC00E3FB8
Exception at PC 0x00007FFBC00E3FB8
Exception at PC 0x00007FFBC00E3FB8
Exception at PC 0x00007FFBC00E3FB8
Exception at PC 0x00007FFBC00E3FB8
Exception at PC 0x00007FFBC00E3FB8
Exception at PC 0x00007FFBC00E3FB8
Exception at PC 0x00007FFBC00E3FB8
Exception at PC 0x00007FFBC00E3FB8
Exception at PC 0x00007FFBC00E3FB8
Exception at PC 0x00007FFBC00E3FB8
Exception at PC 0x00007FFBC00E3FB8
Exception at PC 0x00007FFBC00E3FB8
[0]  [0x00007FFB561ABB93]
[1]  [0x00007FFB561ABB93]
[2]  [0x00007FFB561AB4A1]
[3]  [0x00007FFB561AB3EF]
[4]  [0x00007FFB561919FE]
[5]  [0x00007FFB56190ED1]
[6]  [0x00007FFB56190D76]
[7]  [0x00007FFB561379F6]
[8]  [0x00007FFB56127AFB]
[9]  [0x00007FFB5624E90A]
[10]  [0x00007FFB56269F87]
[11]  [0x00007FFB5626A05F]
[12] (BaseThreadInitThunk+0x14) [0x00007FFBC0F71FE4]
[13] (RtlUserThreadStart+0x21) [0x00007FFBC3AFEF91]
Done
Exception at PC 0x00007FFBC00E3FB8
Exception at PC 0x00007FFBC00E3FB8
Exception at PC 0x00007FFBC00E3FB8
