#-----------------------------------------------------------
# Vivado v2016.4 (64-bit)
# SW Build 1756540 on Mon Jan 23 19:11:23 MST 2017
# IP Build 1755317 on Mon Jan 23 20:30:07 MST 2017
# Start of session at: Sat May 26 13:36:19 2018
# Process ID: 7428
# Current directory: D:/Users/lkh116/Desktop/cache_cpu
# Command line: vivado.exe -gui_launcher_event rodinguilauncherevent8340 D:\Users\lkh116\Desktop\cache_cpu\pipeline_cpu.xpr
# Log file: D:/Users/lkh116/Desktop/cache_cpu/vivado.log
# Journal file: D:/Users/lkh116/Desktop/cache_cpu\vivado.jou
#-----------------------------------------------------------
start_gui
open_project D:/Users/lkh116/Desktop/cache_cpu/pipeline_cpu.xpr
INFO: [Project 1-313] Project file moved from 'D:/Users/lkh116/Desktop/C.O_2018/baseline_cpu' since last save.
Scanning sources...
Finished scanning sources
INFO: [IP_Flow 19-234] Refreshing IP repositories
INFO: [IP_Flow 19-1704] No user IP repositories specified
INFO: [IP_Flow 19-2313] Loaded Vivado IP repository 'D:/Xilinx/Vivado/2016.4/data/ip'.
exit
INFO: [Common 17-206] Exiting Vivado at Sat May 26 13:37:57 2018...
