Vivado Simulator 2016.4
Copyright 1986-1999, 2001-2016 Xilinx, Inc. All Rights Reserved.
Running: D:/Xilinx/Vivado/2016.4/bin/unwrapped/win64.o/xelab.exe -wto e2b23a47415043ee9e98e7817ef2e51e --debug typical --relax --mt 2 -L xil_defaultlib -L unisims_ver -L unimacro_ver -L secureip --snapshot cpu_tb_behav xil_defaultlib.cpu_tb xil_defaultlib.glbl -log elaborate.log 
Using 2 slave threads.
Starting static elaboration
Completed static elaboration
Starting simulation data flow analysis
WARNING: [XSIM 43-4099] "D:/Users/lkh116/Desktop/C.O_2018/multi_cpu/multi_cpu.srcs/sources_1/imports/include/RegisterFile.v" Line 22. Module RegisterFile doesn't have a timescale but at least one module in design has a timescale.
WARNING: [XSIM 43-4099] "D:/Users/lkh116/Desktop/C.O_2018/multi_cpu/multi_cpu.srcs/sources_1/imports/include/controller.v" Line 4. Module control_unit doesn't have a timescale but at least one module in design has a timescale.
WARNING: [XSIM 43-4099] "D:/Users/lkh116/Desktop/C.O_2018/multi_cpu/multi_cpu.srcs/sources_1/imports/include/RegisterFile.v" Line 22. Module RegisterFile doesn't have a timescale but at least one module in design has a timescale.
WARNING: [XSIM 43-4099] "D:/Users/lkh116/Desktop/C.O_2018/multi_cpu/multi_cpu.srcs/sources_1/imports/include/controller.v" Line 4. Module control_unit doesn't have a timescale but at least one module in design has a timescale.
Completed simulation data flow analysis
Time Resolution for simulation is 1ps
Compiling module xil_defaultlib.RegisterFile
Compiling module xil_defaultlib.ALU
Compiling module xil_defaultlib.sign_extension
Compiling module xil_defaultlib.datapath
Compiling module xil_defaultlib.control_unit
Compiling module xil_defaultlib.cpu
Compiling module xil_defaultlib.memory
Compiling module xil_defaultlib.cpu_tb
Compiling module xil_defaultlib.glbl
Built simulation snapshot cpu_tb_behav
