INFO: [VRFC 10-2263] Analyzing Verilog file "D:/Users/lkh116/Desktop/C.O_2018/cache_cpu/pipeline_cpu.srcs/sources_1/imports/code/RegisterFile.v" into library xil_defaultlib
INFO: [VRFC 10-311] analyzing module RegisterFile
INFO: [VRFC 10-2263] Analyzing Verilog file "D:/Users/lkh116/Desktop/C.O_2018/cache_cpu/pipeline_cpu.srcs/sources_1/imports/code/Hazard_control.v" into library xil_defaultlib
INFO: [VRFC 10-311] analyzing module hazard_detector
INFO: [VRFC 10-311] analyzing module stall_unit
WARNING: [VRFC 10-1315] redeclaration of ansi port stall is not allowed [D:/Users/lkh116/Desktop/C.O_2018/cache_cpu/pipeline_cpu.srcs/sources_1/imports/code/Hazard_control.v:40]
INFO: [VRFC 10-311] analyzing module forwarding_unit
WARNING: [VRFC 10-1315] redeclaration of ansi port stall is not allowed [D:/Users/lkh116/Desktop/C.O_2018/cache_cpu/pipeline_cpu.srcs/sources_1/imports/code/Hazard_control.v:100]
WARNING: [VRFC 10-1315] redeclaration of ansi port ForwardA is not allowed [D:/Users/lkh116/Desktop/C.O_2018/cache_cpu/pipeline_cpu.srcs/sources_1/imports/code/Hazard_control.v:101]
WARNING: [VRFC 10-1315] redeclaration of ansi port ForwardB is not allowed [D:/Users/lkh116/Desktop/C.O_2018/cache_cpu/pipeline_cpu.srcs/sources_1/imports/code/Hazard_control.v:102]
INFO: [VRFC 10-2263] Analyzing Verilog file "D:/Users/lkh116/Desktop/C.O_2018/cache_cpu/pipeline_cpu.srcs/sources_1/imports/code/controller.v" into library xil_defaultlib
INFO: [VRFC 10-311] analyzing module ALU
INFO: [VRFC 10-311] analyzing module control_unit
WARNING: [VRFC 10-1315] redeclaration of ansi port MemRead is not allowed [D:/Users/lkh116/Desktop/C.O_2018/cache_cpu/pipeline_cpu.srcs/sources_1/imports/code/controller.v:36]
WARNING: [VRFC 10-1315] redeclaration of ansi port MemWrite is not allowed [D:/Users/lkh116/Desktop/C.O_2018/cache_cpu/pipeline_cpu.srcs/sources_1/imports/code/controller.v:37]
WARNING: [VRFC 10-1315] redeclaration of ansi port RegDst is not allowed [D:/Users/lkh116/Desktop/C.O_2018/cache_cpu/pipeline_cpu.srcs/sources_1/imports/code/controller.v:38]
WARNING: [VRFC 10-1315] redeclaration of ansi port Jump is not allowed [D:/Users/lkh116/Desktop/C.O_2018/cache_cpu/pipeline_cpu.srcs/sources_1/imports/code/controller.v:39]
WARNING: [VRFC 10-1315] redeclaration of ansi port Jump_R is not allowed [D:/Users/lkh116/Desktop/C.O_2018/cache_cpu/pipeline_cpu.srcs/sources_1/imports/code/controller.v:40]
WARNING: [VRFC 10-1315] redeclaration of ansi port Branch is not allowed [D:/Users/lkh116/Desktop/C.O_2018/cache_cpu/pipeline_cpu.srcs/sources_1/imports/code/controller.v:41]
WARNING: [VRFC 10-1315] redeclaration of ansi port MemtoReg is not allowed [D:/Users/lkh116/Desktop/C.O_2018/cache_cpu/pipeline_cpu.srcs/sources_1/imports/code/controller.v:42]
WARNING: [VRFC 10-1315] redeclaration of ansi port ALUOp is not allowed [D:/Users/lkh116/Desktop/C.O_2018/cache_cpu/pipeline_cpu.srcs/sources_1/imports/code/controller.v:43]
WARNING: [VRFC 10-1315] redeclaration of ansi port ALUSrc1 is not allowed [D:/Users/lkh116/Desktop/C.O_2018/cache_cpu/pipeline_cpu.srcs/sources_1/imports/code/controller.v:44]
WARNING: [VRFC 10-1315] redeclaration of ansi port ALUSrc2 is not allowed [D:/Users/lkh116/Desktop/C.O_2018/cache_cpu/pipeline_cpu.srcs/sources_1/imports/code/controller.v:45]
WARNING: [VRFC 10-1315] redeclaration of ansi port RegWrite is not allowed [D:/Users/lkh116/Desktop/C.O_2018/cache_cpu/pipeline_cpu.srcs/sources_1/imports/code/controller.v:46]
WARNING: [VRFC 10-1315] redeclaration of ansi port isWWD is not allowed [D:/Users/lkh116/Desktop/C.O_2018/cache_cpu/pipeline_cpu.srcs/sources_1/imports/code/controller.v:47]
WARNING: [VRFC 10-1315] redeclaration of ansi port isHalt is not allowed [D:/Users/lkh116/Desktop/C.O_2018/cache_cpu/pipeline_cpu.srcs/sources_1/imports/code/controller.v:48]
INFO: [VRFC 10-2263] Analyzing Verilog file "D:/Users/lkh116/Desktop/C.O_2018/cache_cpu/pipeline_cpu.srcs/sources_1/imports/code/cache.v" into library xil_defaultlib
INFO: [VRFC 10-311] analyzing module cache_unit
INFO: [VRFC 10-2263] Analyzing Verilog file "D:/Users/lkh116/Desktop/C.O_2018/cache_cpu/pipeline_cpu.srcs/sources_1/imports/code/datapath.v" into library xil_defaultlib
INFO: [VRFC 10-311] analyzing module ALU
WARNING: [VRFC 10-1195] overwriting previous definition of module ALU [../../../pipeline_cpu.srcs/sources_1/imports/code/ALU.v:39]
INFO: [VRFC 10-311] analyzing module datapath
WARNING: [VRFC 10-1315] redeclaration of ansi port num_inst is not allowed [D:/Users/lkh116/Desktop/C.O_2018/cache_cpu/pipeline_cpu.srcs/sources_1/imports/code/datapath.v:61]
WARNING: [VRFC 10-1315] redeclaration of ansi port output_port is not allowed [D:/Users/lkh116/Desktop/C.O_2018/cache_cpu/pipeline_cpu.srcs/sources_1/imports/code/datapath.v:62]
WARNING: [VRFC 10-1315] redeclaration of ansi port i_readC is not allowed [D:/Users/lkh116/Desktop/C.O_2018/cache_cpu/pipeline_cpu.srcs/sources_1/imports/code/datapath.v:250]
INFO: [VRFC 10-2458] undeclared symbol i_writeM, assumed default net type wire [D:/Users/lkh116/Desktop/C.O_2018/cache_cpu/pipeline_cpu.srcs/sources_1/imports/code/datapath.v:251]
INFO: [VRFC 10-2458] undeclared symbol stall_from_fu, assumed default net type wire [D:/Users/lkh116/Desktop/C.O_2018/cache_cpu/pipeline_cpu.srcs/sources_1/imports/code/datapath.v:439]
WARNING: [VRFC 10-756] identifier reg_data is used before its declaration [D:/Users/lkh116/Desktop/C.O_2018/cache_cpu/pipeline_cpu.srcs/sources_1/imports/code/datapath.v:93]
WARNING: [VRFC 10-756] identifier MemtoReg_reg is used before its declaration [D:/Users/lkh116/Desktop/C.O_2018/cache_cpu/pipeline_cpu.srcs/sources_1/imports/code/datapath.v:94]
WARNING: [VRFC 10-756] identifier reg_data is used before its declaration [D:/Users/lkh116/Desktop/C.O_2018/cache_cpu/pipeline_cpu.srcs/sources_1/imports/code/datapath.v:98]
WARNING: [VRFC 10-756] identifier MemtoReg_reg is used before its declaration [D:/Users/lkh116/Desktop/C.O_2018/cache_cpu/pipeline_cpu.srcs/sources_1/imports/code/datapath.v:99]
INFO: [VRFC 10-311] analyzing module sign_extension
INFO: [VRFC 10-311] analyzing module comparator
INFO: [VRFC 10-2263] Analyzing Verilog file "D:/Users/lkh116/Desktop/C.O_2018/cache_cpu/pipeline_cpu.srcs/sources_1/imports/code/memory.v" into library xil_defaultlib
INFO: [VRFC 10-311] analyzing module Memory
WARNING: [VRFC 10-756] identifier i_readM_reg is used before its declaration [D:/Users/lkh116/Desktop/C.O_2018/cache_cpu/pipeline_cpu.srcs/sources_1/imports/code/memory.v:41]
WARNING: [VRFC 10-756] identifier d_readM_reg is used before its declaration [D:/Users/lkh116/Desktop/C.O_2018/cache_cpu/pipeline_cpu.srcs/sources_1/imports/code/memory.v:42]
INFO: [VRFC 10-2263] Analyzing Verilog file "D:/Users/lkh116/Desktop/C.O_2018/cache_cpu/pipeline_cpu.srcs/sources_1/imports/code/cpu.v" into library xil_defaultlib
INFO: [VRFC 10-311] analyzing module cpu
WARNING: [VRFC 10-1315] redeclaration of ansi port num_inst is not allowed [D:/Users/lkh116/Desktop/C.O_2018/cache_cpu/pipeline_cpu.srcs/sources_1/imports/code/cpu.v:42]
WARNING: [VRFC 10-1315] redeclaration of ansi port output_port is not allowed [D:/Users/lkh116/Desktop/C.O_2018/cache_cpu/pipeline_cpu.srcs/sources_1/imports/code/cpu.v:43]
INFO: [VRFC 10-2458] undeclared symbol i_readC, assumed default net type wire [D:/Users/lkh116/Desktop/C.O_2018/cache_cpu/pipeline_cpu.srcs/sources_1/imports/code/cpu.v:51]
INFO: [VRFC 10-2458] undeclared symbol i_hit, assumed default net type wire [D:/Users/lkh116/Desktop/C.O_2018/cache_cpu/pipeline_cpu.srcs/sources_1/imports/code/cpu.v:54]
INFO: [VRFC 10-2458] undeclared symbol d_readC, assumed default net type wire [D:/Users/lkh116/Desktop/C.O_2018/cache_cpu/pipeline_cpu.srcs/sources_1/imports/code/cpu.v:61]
INFO: [VRFC 10-2458] undeclared symbol d_writeC, assumed default net type wire [D:/Users/lkh116/Desktop/C.O_2018/cache_cpu/pipeline_cpu.srcs/sources_1/imports/code/cpu.v:62]
INFO: [VRFC 10-2458] undeclared symbol d_hit, assumed default net type wire [D:/Users/lkh116/Desktop/C.O_2018/cache_cpu/pipeline_cpu.srcs/sources_1/imports/code/cpu.v:65]
INFO: [VRFC 10-2458] undeclared symbol stall, assumed default net type wire [D:/Users/lkh116/Desktop/C.O_2018/cache_cpu/pipeline_cpu.srcs/sources_1/imports/code/cpu.v:80]
INFO: [VRFC 10-2458] undeclared symbol MemRead, assumed default net type wire [D:/Users/lkh116/Desktop/C.O_2018/cache_cpu/pipeline_cpu.srcs/sources_1/imports/code/cpu.v:82]
INFO: [VRFC 10-2458] undeclared symbol MemWrite, assumed default net type wire [D:/Users/lkh116/Desktop/C.O_2018/cache_cpu/pipeline_cpu.srcs/sources_1/imports/code/cpu.v:83]
INFO: [VRFC 10-2458] undeclared symbol Jump, assumed default net type wire [D:/Users/lkh116/Desktop/C.O_2018/cache_cpu/pipeline_cpu.srcs/sources_1/imports/code/cpu.v:86]
INFO: [VRFC 10-2458] undeclared symbol Jump_R, assumed default net type wire [D:/Users/lkh116/Desktop/C.O_2018/cache_cpu/pipeline_cpu.srcs/sources_1/imports/code/cpu.v:87]
INFO: [VRFC 10-2458] undeclared symbol Branch, assumed default net type wire [D:/Users/lkh116/Desktop/C.O_2018/cache_cpu/pipeline_cpu.srcs/sources_1/imports/code/cpu.v:88]
INFO: [VRFC 10-2458] undeclared symbol MemtoReg, assumed default net type wire [D:/Users/lkh116/Desktop/C.O_2018/cache_cpu/pipeline_cpu.srcs/sources_1/imports/code/cpu.v:89]
INFO: [VRFC 10-2458] undeclared symbol ALUSrc1, assumed default net type wire [D:/Users/lkh116/Desktop/C.O_2018/cache_cpu/pipeline_cpu.srcs/sources_1/imports/code/cpu.v:91]
INFO: [VRFC 10-2458] undeclared symbol ALUSrc2, assumed default net type wire [D:/Users/lkh116/Desktop/C.O_2018/cache_cpu/pipeline_cpu.srcs/sources_1/imports/code/cpu.v:92]
INFO: [VRFC 10-2458] undeclared symbol RegWrite, assumed default net type wire [D:/Users/lkh116/Desktop/C.O_2018/cache_cpu/pipeline_cpu.srcs/sources_1/imports/code/cpu.v:93]
INFO: [VRFC 10-2458] undeclared symbol isWWD, assumed default net type wire [D:/Users/lkh116/Desktop/C.O_2018/cache_cpu/pipeline_cpu.srcs/sources_1/imports/code/cpu.v:95]
INFO: [VRFC 10-2458] undeclared symbol isHalt, assumed default net type wire [D:/Users/lkh116/Desktop/C.O_2018/cache_cpu/pipeline_cpu.srcs/sources_1/imports/code/cpu.v:96]
INFO: [VRFC 10-2458] undeclared symbol i_writeC, assumed default net type wire [D:/Users/lkh116/Desktop/C.O_2018/cache_cpu/pipeline_cpu.srcs/sources_1/imports/code/cpu.v:104]
INFO: [VRFC 10-2263] Analyzing Verilog file "D:/Users/lkh116/Desktop/C.O_2018/cache_cpu/pipeline_cpu.srcs/sim_1/imports/sim/cpu_TB.v" into library xil_defaultlib
INFO: [VRFC 10-311] analyzing module cpu_TB
INFO: [VRFC 10-2458] undeclared symbol d_send_data, assumed default net type wire [D:/Users/lkh116/Desktop/C.O_2018/cache_cpu/pipeline_cpu.srcs/sim_1/imports/sim/cpu_TB.v:31]
INFO: [VRFC 10-2263] Analyzing Verilog file "D:/Users/lkh116/Desktop/C.O_2018/cache_cpu/pipeline_cpu.sim/sim_1/behav/glbl.v" into library xil_defaultlib
INFO: [VRFC 10-311] analyzing module glbl
