#-----------------------------------------------------------
# Vivado v2016.4 (64-bit)
# SW Build 1756540 on Mon Jan 23 19:11:23 MST 2017
# IP Build 1755317 on Mon Jan 23 20:30:07 MST 2017
# Start of session at: Thu Apr 19 21:58:29 2018
# Process ID: 6116
# Current directory: D:/Users/lkh116/Desktop/C.O_2018/multi_cpu
# Command line: vivado.exe -gui_launcher_event rodinguilauncherevent7640 D:\Users\lkh116\Desktop\C.O_2018\multi_cpu\multi_cpu.xpr
# Log file: D:/Users/lkh116/Desktop/C.O_2018/multi_cpu/vivado.log
# Journal file: D:/Users/lkh116/Desktop/C.O_2018/multi_cpu\vivado.jou
#-----------------------------------------------------------
start_gui
open_project D:/Users/lkh116/Desktop/C.O_2018/multi_cpu/multi_cpu.xpr
Scanning sources...
Finished scanning sources
INFO: [IP_Flow 19-234] Refreshing IP repositories
INFO: [IP_Flow 19-1704] No user IP repositories specified
INFO: [IP_Flow 19-2313] Loaded Vivado IP repository 'D:/Xilinx/Vivado/2016.4/data/ip'.
open_project: Time (s): cpu = 00:00:05 ; elapsed = 00:00:07 . Memory (MB): peak = 734.973 ; gain = 110.441
launch_simulation
INFO: [SIM-utils-51] Simulation object is 'sim_1'
INFO: [USF-XSim-37] Inspecting design source files for 'cpu_tb' in fileset 'sim_1'...
INFO: [USF-XSim-97] Finding global include files...
INFO: [USF-XSim-98] Fetching design files from 'sim_1'...
INFO: [USF-XSim-2] XSim::Compile design
INFO: [USF-XSim-61] Executing 'COMPILE and ANALYZE' step in 'D:/Users/lkh116/Desktop/C.O_2018/multi_cpu/multi_cpu.sim/sim_1/behav'
"xvlog -m64 --relax -prj cpu_tb_vlog.prj"
INFO: [VRFC 10-2263] Analyzing Verilog file "D:/Users/lkh116/Desktop/C.O_2018/multi_cpu/multi_cpu.srcs/sources_1/imports/include/RegisterFile.v" into library xil_defaultlib
INFO: [VRFC 10-311] analyzing module RegisterFile
INFO: [VRFC 10-2263] Analyzing Verilog file "D:/Users/lkh116/Desktop/C.O_2018/multi_cpu/multi_cpu.srcs/sources_1/imports/include/ALU.v" into library xil_defaultlib
INFO: [VRFC 10-311] analyzing module ALU
INFO: [VRFC 10-2263] Analyzing Verilog file "D:/Users/lkh116/Desktop/C.O_2018/multi_cpu/multi_cpu.srcs/sources_1/imports/include/memory.v" into library xil_defaultlib
INFO: [VRFC 10-311] analyzing module memory
WARNING: [VRFC 10-1315] redeclaration of ansi port data is not allowed [D:/Users/lkh116/Desktop/C.O_2018/multi_cpu/multi_cpu.srcs/sources_1/imports/include/memory.v:11]
WARNING: [VRFC 10-1315] redeclaration of ansi port inputReady is not allowed [D:/Users/lkh116/Desktop/C.O_2018/multi_cpu/multi_cpu.srcs/sources_1/imports/include/memory.v:13]
INFO: [VRFC 10-2263] Analyzing Verilog file "D:/Users/lkh116/Desktop/C.O_2018/multi_cpu/multi_cpu.srcs/sources_1/imports/include/cpu.v" into library xil_defaultlib
INFO: [VRFC 10-311] analyzing module ALU
WARNING: [VRFC 10-1195] overwriting previous definition of module ALU [../../../multi_cpu.srcs/sources_1/imports/include/ALU.v:40]
INFO: [VRFC 10-311] analyzing module cpu
INFO: [VRFC 10-2458] undeclared symbol RegDst, assumed default net type wire [D:/Users/lkh116/Desktop/C.O_2018/multi_cpu/multi_cpu.srcs/sources_1/imports/include/cpu.v:34]
INFO: [VRFC 10-2458] undeclared symbol RegWrite, assumed default net type wire [D:/Users/lkh116/Desktop/C.O_2018/multi_cpu/multi_cpu.srcs/sources_1/imports/include/cpu.v:35]
INFO: [VRFC 10-2458] undeclared symbol ALUSrc, assumed default net type wire [D:/Users/lkh116/Desktop/C.O_2018/multi_cpu/multi_cpu.srcs/sources_1/imports/include/cpu.v:36]
INFO: [VRFC 10-2458] undeclared symbol ALUOp, assumed default net type wire [D:/Users/lkh116/Desktop/C.O_2018/multi_cpu/multi_cpu.srcs/sources_1/imports/include/cpu.v:37]
INFO: [VRFC 10-2458] undeclared symbol jump, assumed default net type wire [D:/Users/lkh116/Desktop/C.O_2018/multi_cpu/multi_cpu.srcs/sources_1/imports/include/cpu.v:38]
INFO: [VRFC 10-2458] undeclared symbol isWWD, assumed default net type wire [D:/Users/lkh116/Desktop/C.O_2018/multi_cpu/multi_cpu.srcs/sources_1/imports/include/cpu.v:39]
INFO: [VRFC 10-2458] undeclared symbol lhi, assumed default net type wire [D:/Users/lkh116/Desktop/C.O_2018/multi_cpu/multi_cpu.srcs/sources_1/imports/include/cpu.v:40]
INFO: [VRFC 10-2458] undeclared symbol opcode, assumed default net type wire [D:/Users/lkh116/Desktop/C.O_2018/multi_cpu/multi_cpu.srcs/sources_1/imports/include/cpu.v:42]
INFO: [VRFC 10-2458] undeclared symbol func_code, assumed default net type wire [D:/Users/lkh116/Desktop/C.O_2018/multi_cpu/multi_cpu.srcs/sources_1/imports/include/cpu.v:43]
INFO: [VRFC 10-2458] undeclared symbol Jump, assumed default net type wire [D:/Users/lkh116/Desktop/C.O_2018/multi_cpu/multi_cpu.srcs/sources_1/imports/include/cpu.v:51]
INFO: [VRFC 10-311] analyzing module micro_control
WARNING: [VRFC 10-1315] redeclaration of ansi port RIWrite is not allowed [D:/Users/lkh116/Desktop/C.O_2018/multi_cpu/multi_cpu.srcs/sources_1/imports/include/cpu.v:91]
WARNING: [VRFC 10-1315] redeclaration of ansi port RDWrite is not allowed [D:/Users/lkh116/Desktop/C.O_2018/multi_cpu/multi_cpu.srcs/sources_1/imports/include/cpu.v:92]
WARNING: [VRFC 10-1315] redeclaration of ansi port PCWrite is not allowed [D:/Users/lkh116/Desktop/C.O_2018/multi_cpu/multi_cpu.srcs/sources_1/imports/include/cpu.v:93]
WARNING: [VRFC 10-1315] redeclaration of ansi port MEMWrite is not allowed [D:/Users/lkh116/Desktop/C.O_2018/multi_cpu/multi_cpu.srcs/sources_1/imports/include/cpu.v:94]
WARNING: [VRFC 10-1315] redeclaration of ansi port MEMRead is not allowed [D:/Users/lkh116/Desktop/C.O_2018/multi_cpu/multi_cpu.srcs/sources_1/imports/include/cpu.v:95]
INFO: [VRFC 10-311] analyzing module control_unit
WARNING: [VRFC 10-1315] redeclaration of ansi port RegDst is not allowed [D:/Users/lkh116/Desktop/C.O_2018/multi_cpu/multi_cpu.srcs/sources_1/imports/include/cpu.v:184]
WARNING: [VRFC 10-1315] redeclaration of ansi port Jump is not allowed [D:/Users/lkh116/Desktop/C.O_2018/multi_cpu/multi_cpu.srcs/sources_1/imports/include/cpu.v:185]
WARNING: [VRFC 10-1315] redeclaration of ansi port ALUOperation is not allowed [D:/Users/lkh116/Desktop/C.O_2018/multi_cpu/multi_cpu.srcs/sources_1/imports/include/cpu.v:186]
WARNING: [VRFC 10-1315] redeclaration of ansi port ALUSrc is not allowed [D:/Users/lkh116/Desktop/C.O_2018/multi_cpu/multi_cpu.srcs/sources_1/imports/include/cpu.v:187]
WARNING: [VRFC 10-1315] redeclaration of ansi port RegWrite is not allowed [D:/Users/lkh116/Desktop/C.O_2018/multi_cpu/multi_cpu.srcs/sources_1/imports/include/cpu.v:188]
WARNING: [VRFC 10-1315] redeclaration of ansi port isWWD is not allowed [D:/Users/lkh116/Desktop/C.O_2018/multi_cpu/multi_cpu.srcs/sources_1/imports/include/cpu.v:189]
WARNING: [VRFC 10-1315] redeclaration of ansi port lhi is not allowed [D:/Users/lkh116/Desktop/C.O_2018/multi_cpu/multi_cpu.srcs/sources_1/imports/include/cpu.v:190]
INFO: [VRFC 10-311] analyzing module datapath
WARNING: [VRFC 10-1315] redeclaration of ansi port num_inst is not allowed [D:/Users/lkh116/Desktop/C.O_2018/multi_cpu/multi_cpu.srcs/sources_1/imports/include/cpu.v:295]
WARNING: [VRFC 10-1315] redeclaration of ansi port output_port is not allowed [D:/Users/lkh116/Desktop/C.O_2018/multi_cpu/multi_cpu.srcs/sources_1/imports/include/cpu.v:296]
INFO: [VRFC 10-311] analyzing module sign_extension
INFO: [VRFC 10-2263] Analyzing Verilog file "D:/Users/lkh116/Desktop/C.O_2018/multi_cpu/multi_cpu.srcs/sim_1/imports/include/cpu_tb.v" into library xil_defaultlib
INFO: [VRFC 10-311] analyzing module cpu_tb
INFO: [VRFC 10-2263] Analyzing Verilog file "D:/Users/lkh116/Desktop/C.O_2018/multi_cpu/multi_cpu.sim/sim_1/behav/glbl.v" into library xil_defaultlib
INFO: [VRFC 10-311] analyzing module glbl
INFO: [USF-XSim-69] 'compile' step finished in '3' seconds
INFO: [USF-XSim-3] XSim::Elaborate design
INFO: [USF-XSim-61] Executing 'ELABORATE' step in 'D:/Users/lkh116/Desktop/C.O_2018/multi_cpu/multi_cpu.sim/sim_1/behav'
Vivado Simulator 2016.4
Copyright 1986-1999, 2001-2016 Xilinx, Inc. All Rights Reserved.
Running: D:/Xilinx/Vivado/2016.4/bin/unwrapped/win64.o/xelab.exe -wto e2b23a47415043ee9e98e7817ef2e51e --debug typical --relax --mt 2 -L xil_defaultlib -L unisims_ver -L unimacro_ver -L secureip --snapshot cpu_tb_behav xil_defaultlib.cpu_tb xil_defaultlib.glbl -log elaborate.log 
Using 2 slave threads.
Starting static elaboration
WARNING: [VRFC 10-278] actual bit length 1 differs from formal bit length 4 for port ALUOp [D:/Users/lkh116/Desktop/C.O_2018/multi_cpu/multi_cpu.srcs/sources_1/imports/include/cpu.v:37]
WARNING: [VRFC 10-278] actual bit length 1 differs from formal bit length 4 for port opcode [D:/Users/lkh116/Desktop/C.O_2018/multi_cpu/multi_cpu.srcs/sources_1/imports/include/cpu.v:42]
WARNING: [VRFC 10-278] actual bit length 1 differs from formal bit length 6 for port func_code [D:/Users/lkh116/Desktop/C.O_2018/multi_cpu/multi_cpu.srcs/sources_1/imports/include/cpu.v:43]
WARNING: [VRFC 10-278] actual bit length 32 differs from formal bit length 1 for port Cin [D:/Users/lkh116/Desktop/C.O_2018/multi_cpu/multi_cpu.srcs/sources_1/imports/include/cpu.v:376]
WARNING: [VRFC 10-278] actual bit length 1 differs from formal bit length 4 for port opcode [D:/Users/lkh116/Desktop/C.O_2018/multi_cpu/multi_cpu.srcs/sources_1/imports/include/cpu.v:48]
WARNING: [VRFC 10-278] actual bit length 1 differs from formal bit length 6 for port func_code [D:/Users/lkh116/Desktop/C.O_2018/multi_cpu/multi_cpu.srcs/sources_1/imports/include/cpu.v:49]
WARNING: [VRFC 10-278] actual bit length 1 differs from formal bit length 4 for port ALUOperation [D:/Users/lkh116/Desktop/C.O_2018/multi_cpu/multi_cpu.srcs/sources_1/imports/include/cpu.v:52]
Completed static elaboration
Starting simulation data flow analysis
WARNING: [XSIM 43-4099] "D:/Users/lkh116/Desktop/C.O_2018/multi_cpu/multi_cpu.srcs/sources_1/imports/include/RegisterFile.v" Line 22. Module RegisterFile doesn't have a timescale but at least one module in design has a timescale.
WARNING: [XSIM 43-4099] "D:/Users/lkh116/Desktop/C.O_2018/multi_cpu/multi_cpu.srcs/sources_1/imports/include/RegisterFile.v" Line 22. Module RegisterFile doesn't have a timescale but at least one module in design has a timescale.
Completed simulation data flow analysis
Time Resolution for simulation is 1ps
Compiling module xil_defaultlib.RegisterFile
Compiling module xil_defaultlib.ALU
Compiling module xil_defaultlib.sign_extension
Compiling module xil_defaultlib.datapath
Compiling module xil_defaultlib.control_unit
Compiling module xil_defaultlib.cpu
Compiling module xil_defaultlib.memory
Compiling module xil_defaultlib.cpu_tb
Compiling module xil_defaultlib.glbl
Built simulation snapshot cpu_tb_behav

****** Webtalk v2016.4 (64-bit)
  **** SW Build 1756540 on Mon Jan 23 19:11:23 MST 2017
  **** IP Build 1755317 on Mon Jan 23 20:30:07 MST 2017
    ** Copyright 1986-2016 Xilinx, Inc. All Rights Reserved.

source D:/Users/lkh116/Desktop/C.O_2018/multi_cpu/multi_cpu.sim/sim_1/behav/xsim.dir/cpu_tb_behav/webtalk/xsim_webtalk.tcl -notrace
INFO: [Common 17-186] 'D:/Users/lkh116/Desktop/C.O_2018/multi_cpu/multi_cpu.sim/sim_1/behav/xsim.dir/cpu_tb_behav/webtalk/usage_statistics_ext_xsim.xml' has been successfully sent to Xilinx on Thu Apr 19 22:23:23 2018. For additional details about this file, please refer to the WebTalk help file at D:/Xilinx/Vivado/2016.4/doc/webtalk_introduction.html.
INFO: [Common 17-206] Exiting Webtalk at Thu Apr 19 22:23:23 2018...
run_program: Time (s): cpu = 00:00:01 ; elapsed = 00:00:14 . Memory (MB): peak = 785.410 ; gain = 0.000
INFO: [USF-XSim-69] 'elaborate' step finished in '14' seconds
INFO: [USF-XSim-4] XSim::Simulate design
INFO: [USF-XSim-61] Executing 'SIMULATE' step in 'D:/Users/lkh116/Desktop/C.O_2018/multi_cpu/multi_cpu.sim/sim_1/behav'
INFO: [USF-XSim-98] *** Running xsim
   with args "cpu_tb_behav -key {Behavioral:sim_1:Functional:cpu_tb} -tclbatch {cpu_tb.tcl} -log {simulate.log}"
INFO: [USF-XSim-8] Loading simulator feature
Vivado Simulator 2016.4
Time resolution is 1 ps
source cpu_tb.tcl
# set curr_wave [current_wave_config]
# if { [string length $curr_wave] == 0 } {
#   if { [llength [get_objects]] > 0} {
#     add_wave /
#     set_property needs_save false [current_wave_config]
#   } else {
#      send_msg_id Add_Wave-1 WARNING "No top level signals found. Simulator will start without a wave window. If you want to open a wave window go to 'File->New Waveform Configuration' or type 'create_wave_config' in the TCL console."
#   }
# }
# run 1000ns
Test #  1-1 has been failed!
output_port = 0xxxxx (Ans : 0x0)
Test #  1-2 has been failed!
output_port = 0xxxxx (Ans : 0x0)
Test #  1-3 has been failed!
output_port = 0xxxxx (Ans : 0x0)
INFO: [USF-XSim-96] XSim completed. Design snapshot 'cpu_tb_behav' loaded.
INFO: [USF-XSim-97] XSim simulation ran for 1000ns
launch_simulation: Time (s): cpu = 00:00:08 ; elapsed = 00:00:22 . Memory (MB): peak = 785.410 ; gain = 0.000
close_sim
INFO: [Simtcl 6-16] Simulation closed
close_sim: Time (s): cpu = 00:00:01 ; elapsed = 00:00:06 . Memory (MB): peak = 805.473 ; gain = 2.820
exit
INFO: [Common 17-206] Exiting Vivado at Thu Apr 19 22:30:34 2018...
