INFO: [VRFC 10-2263] Analyzing Verilog file "D:/Users/lkh116/Desktop/C.O_2018/pipeline_cpu_predictor/pipeline_cpu.srcs/sources_1/imports/code/Hazard_control.v" into library xil_defaultlib
INFO: [VRFC 10-311] analyzing module hazard_detector
INFO: [VRFC 10-311] analyzing module stall_unit
WARNING: [VRFC 10-1315] redeclaration of ansi port stall is not allowed [D:/Users/lkh116/Desktop/C.O_2018/pipeline_cpu_predictor/pipeline_cpu.srcs/sources_1/imports/code/Hazard_control.v:45]
INFO: [VRFC 10-311] analyzing module forwarding_unit
WARNING: [VRFC 10-1315] redeclaration of ansi port stall is not allowed [D:/Users/lkh116/Desktop/C.O_2018/pipeline_cpu_predictor/pipeline_cpu.srcs/sources_1/imports/code/Hazard_control.v:105]
WARNING: [VRFC 10-1315] redeclaration of ansi port ForwardA is not allowed [D:/Users/lkh116/Desktop/C.O_2018/pipeline_cpu_predictor/pipeline_cpu.srcs/sources_1/imports/code/Hazard_control.v:106]
WARNING: [VRFC 10-1315] redeclaration of ansi port ForwardB is not allowed [D:/Users/lkh116/Desktop/C.O_2018/pipeline_cpu_predictor/pipeline_cpu.srcs/sources_1/imports/code/Hazard_control.v:107]
INFO: [VRFC 10-2263] Analyzing Verilog file "D:/Users/lkh116/Desktop/C.O_2018/pipeline_cpu_predictor/pipeline_cpu.srcs/sources_1/imports/code/predictor.v" into library xil_defaultlib
INFO: [VRFC 10-311] analyzing module Branch_predictor
WARNING: [VRFC 10-1315] redeclaration of ansi port taken is not allowed [D:/Users/lkh116/Desktop/C.O_2018/pipeline_cpu_predictor/pipeline_cpu.srcs/sources_1/imports/code/predictor.v:37]
WARNING: [VRFC 10-1315] redeclaration of ansi port target_addr is not allowed [D:/Users/lkh116/Desktop/C.O_2018/pipeline_cpu_predictor/pipeline_cpu.srcs/sources_1/imports/code/predictor.v:38]
INFO: [VRFC 10-2263] Analyzing Verilog file "D:/Users/lkh116/Desktop/C.O_2018/pipeline_cpu_predictor/pipeline_cpu.srcs/sources_1/imports/code/RegisterFile.v" into library xil_defaultlib
INFO: [VRFC 10-311] analyzing module RegisterFile
INFO: [VRFC 10-2263] Analyzing Verilog file "D:/Users/lkh116/Desktop/C.O_2018/pipeline_cpu_predictor/pipeline_cpu.srcs/sources_1/imports/code/controller.v" into library xil_defaultlib
INFO: [VRFC 10-311] analyzing module ALU
INFO: [VRFC 10-311] analyzing module control_unit
WARNING: [VRFC 10-1315] redeclaration of ansi port MemRead is not allowed [D:/Users/lkh116/Desktop/C.O_2018/pipeline_cpu_predictor/pipeline_cpu.srcs/sources_1/imports/code/controller.v:29]
WARNING: [VRFC 10-1315] redeclaration of ansi port MemWrite is not allowed [D:/Users/lkh116/Desktop/C.O_2018/pipeline_cpu_predictor/pipeline_cpu.srcs/sources_1/imports/code/controller.v:30]
WARNING: [VRFC 10-1315] redeclaration of ansi port RegDst is not allowed [D:/Users/lkh116/Desktop/C.O_2018/pipeline_cpu_predictor/pipeline_cpu.srcs/sources_1/imports/code/controller.v:31]
WARNING: [VRFC 10-1315] redeclaration of ansi port Jump is not allowed [D:/Users/lkh116/Desktop/C.O_2018/pipeline_cpu_predictor/pipeline_cpu.srcs/sources_1/imports/code/controller.v:32]
WARNING: [VRFC 10-1315] redeclaration of ansi port Jump_R is not allowed [D:/Users/lkh116/Desktop/C.O_2018/pipeline_cpu_predictor/pipeline_cpu.srcs/sources_1/imports/code/controller.v:33]
WARNING: [VRFC 10-1315] redeclaration of ansi port Branch is not allowed [D:/Users/lkh116/Desktop/C.O_2018/pipeline_cpu_predictor/pipeline_cpu.srcs/sources_1/imports/code/controller.v:34]
WARNING: [VRFC 10-1315] redeclaration of ansi port MemtoReg is not allowed [D:/Users/lkh116/Desktop/C.O_2018/pipeline_cpu_predictor/pipeline_cpu.srcs/sources_1/imports/code/controller.v:35]
WARNING: [VRFC 10-1315] redeclaration of ansi port ALUOp is not allowed [D:/Users/lkh116/Desktop/C.O_2018/pipeline_cpu_predictor/pipeline_cpu.srcs/sources_1/imports/code/controller.v:36]
WARNING: [VRFC 10-1315] redeclaration of ansi port ALUSrc1 is not allowed [D:/Users/lkh116/Desktop/C.O_2018/pipeline_cpu_predictor/pipeline_cpu.srcs/sources_1/imports/code/controller.v:37]
WARNING: [VRFC 10-1315] redeclaration of ansi port ALUSrc2 is not allowed [D:/Users/lkh116/Desktop/C.O_2018/pipeline_cpu_predictor/pipeline_cpu.srcs/sources_1/imports/code/controller.v:38]
WARNING: [VRFC 10-1315] redeclaration of ansi port RegWrite is not allowed [D:/Users/lkh116/Desktop/C.O_2018/pipeline_cpu_predictor/pipeline_cpu.srcs/sources_1/imports/code/controller.v:39]
WARNING: [VRFC 10-1315] redeclaration of ansi port isWWD is not allowed [D:/Users/lkh116/Desktop/C.O_2018/pipeline_cpu_predictor/pipeline_cpu.srcs/sources_1/imports/code/controller.v:40]
WARNING: [VRFC 10-1315] redeclaration of ansi port isHalt is not allowed [D:/Users/lkh116/Desktop/C.O_2018/pipeline_cpu_predictor/pipeline_cpu.srcs/sources_1/imports/code/controller.v:41]
INFO: [VRFC 10-2263] Analyzing Verilog file "D:/Users/lkh116/Desktop/C.O_2018/pipeline_cpu_predictor/pipeline_cpu.srcs/sources_1/imports/code/datapath.v" into library xil_defaultlib
INFO: [VRFC 10-311] analyzing module ALU
WARNING: [VRFC 10-1195] overwriting previous definition of module ALU [../../../pipeline_cpu.srcs/sources_1/imports/code/ALU.v:39]
INFO: [VRFC 10-311] analyzing module datapath
WARNING: [VRFC 10-1315] redeclaration of ansi port num_inst is not allowed [D:/Users/lkh116/Desktop/C.O_2018/pipeline_cpu_predictor/pipeline_cpu.srcs/sources_1/imports/code/datapath.v:54]
WARNING: [VRFC 10-1315] redeclaration of ansi port output_port is not allowed [D:/Users/lkh116/Desktop/C.O_2018/pipeline_cpu_predictor/pipeline_cpu.srcs/sources_1/imports/code/datapath.v:55]
WARNING: [VRFC 10-756] identifier reg_data is used before its declaration [D:/Users/lkh116/Desktop/C.O_2018/pipeline_cpu_predictor/pipeline_cpu.srcs/sources_1/imports/code/datapath.v:86]
WARNING: [VRFC 10-756] identifier MemtoReg_reg is used before its declaration [D:/Users/lkh116/Desktop/C.O_2018/pipeline_cpu_predictor/pipeline_cpu.srcs/sources_1/imports/code/datapath.v:87]
WARNING: [VRFC 10-756] identifier reg_data is used before its declaration [D:/Users/lkh116/Desktop/C.O_2018/pipeline_cpu_predictor/pipeline_cpu.srcs/sources_1/imports/code/datapath.v:91]
WARNING: [VRFC 10-756] identifier MemtoReg_reg is used before its declaration [D:/Users/lkh116/Desktop/C.O_2018/pipeline_cpu_predictor/pipeline_cpu.srcs/sources_1/imports/code/datapath.v:92]
WARNING: [VRFC 10-634] event expressions must result in a singular type [D:/Users/lkh116/Desktop/C.O_2018/pipeline_cpu_predictor/pipeline_cpu.srcs/sources_1/imports/code/datapath.v:319]
INFO: [VRFC 10-311] analyzing module sign_extension
INFO: [VRFC 10-311] analyzing module comparator
INFO: [VRFC 10-2263] Analyzing Verilog file "D:/Users/lkh116/Desktop/C.O_2018/pipeline_cpu_predictor/pipeline_cpu.srcs/sources_1/imports/code/memory.v" into library xil_defaultlib
INFO: [VRFC 10-311] analyzing module Memory
INFO: [VRFC 10-2263] Analyzing Verilog file "D:/Users/lkh116/Desktop/C.O_2018/pipeline_cpu_predictor/pipeline_cpu.srcs/sources_1/imports/code/cpu.v" into library xil_defaultlib
INFO: [VRFC 10-311] analyzing module cpu
WARNING: [VRFC 10-1315] redeclaration of ansi port num_inst is not allowed [D:/Users/lkh116/Desktop/C.O_2018/pipeline_cpu_predictor/pipeline_cpu.srcs/sources_1/imports/code/cpu.v:32]
WARNING: [VRFC 10-1315] redeclaration of ansi port output_port is not allowed [D:/Users/lkh116/Desktop/C.O_2018/pipeline_cpu_predictor/pipeline_cpu.srcs/sources_1/imports/code/cpu.v:33]
INFO: [VRFC 10-2458] undeclared symbol stall, assumed default net type wire [D:/Users/lkh116/Desktop/C.O_2018/pipeline_cpu_predictor/pipeline_cpu.srcs/sources_1/imports/code/cpu.v:41]
INFO: [VRFC 10-2458] undeclared symbol MemRead, assumed default net type wire [D:/Users/lkh116/Desktop/C.O_2018/pipeline_cpu_predictor/pipeline_cpu.srcs/sources_1/imports/code/cpu.v:43]
INFO: [VRFC 10-2458] undeclared symbol MemWrite, assumed default net type wire [D:/Users/lkh116/Desktop/C.O_2018/pipeline_cpu_predictor/pipeline_cpu.srcs/sources_1/imports/code/cpu.v:44]
INFO: [VRFC 10-2458] undeclared symbol Jump, assumed default net type wire [D:/Users/lkh116/Desktop/C.O_2018/pipeline_cpu_predictor/pipeline_cpu.srcs/sources_1/imports/code/cpu.v:47]
INFO: [VRFC 10-2458] undeclared symbol Jump_R, assumed default net type wire [D:/Users/lkh116/Desktop/C.O_2018/pipeline_cpu_predictor/pipeline_cpu.srcs/sources_1/imports/code/cpu.v:48]
INFO: [VRFC 10-2458] undeclared symbol Branch, assumed default net type wire [D:/Users/lkh116/Desktop/C.O_2018/pipeline_cpu_predictor/pipeline_cpu.srcs/sources_1/imports/code/cpu.v:49]
INFO: [VRFC 10-2458] undeclared symbol MemtoReg, assumed default net type wire [D:/Users/lkh116/Desktop/C.O_2018/pipeline_cpu_predictor/pipeline_cpu.srcs/sources_1/imports/code/cpu.v:50]
INFO: [VRFC 10-2458] undeclared symbol ALUSrc1, assumed default net type wire [D:/Users/lkh116/Desktop/C.O_2018/pipeline_cpu_predictor/pipeline_cpu.srcs/sources_1/imports/code/cpu.v:52]
INFO: [VRFC 10-2458] undeclared symbol ALUSrc2, assumed default net type wire [D:/Users/lkh116/Desktop/C.O_2018/pipeline_cpu_predictor/pipeline_cpu.srcs/sources_1/imports/code/cpu.v:53]
INFO: [VRFC 10-2458] undeclared symbol RegWrite, assumed default net type wire [D:/Users/lkh116/Desktop/C.O_2018/pipeline_cpu_predictor/pipeline_cpu.srcs/sources_1/imports/code/cpu.v:54]
INFO: [VRFC 10-2458] undeclared symbol isWWD, assumed default net type wire [D:/Users/lkh116/Desktop/C.O_2018/pipeline_cpu_predictor/pipeline_cpu.srcs/sources_1/imports/code/cpu.v:56]
INFO: [VRFC 10-2458] undeclared symbol isHalt, assumed default net type wire [D:/Users/lkh116/Desktop/C.O_2018/pipeline_cpu_predictor/pipeline_cpu.srcs/sources_1/imports/code/cpu.v:57]
INFO: [VRFC 10-2263] Analyzing Verilog file "D:/Users/lkh116/Desktop/C.O_2018/pipeline_cpu_predictor/pipeline_cpu.srcs/sim_1/imports/sim/cpu_TB.v" into library xil_defaultlib
INFO: [VRFC 10-311] analyzing module cpu_TB
INFO: [VRFC 10-2263] Analyzing Verilog file "D:/Users/lkh116/Desktop/C.O_2018/pipeline_cpu_predictor/pipeline_cpu.sim/sim_1/behav/glbl.v" into library xil_defaultlib
INFO: [VRFC 10-311] analyzing module glbl
