#-----------------------------------------------------------
# Vivado v2016.4 (64-bit)
# SW Build 1756540 on Mon Jan 23 19:11:23 MST 2017
# IP Build 1755317 on Mon Jan 23 20:30:07 MST 2017
# Start of session at: Thu May 24 23:53:39 2018
# Process ID: 8160
# Current directory: D:/Users/lkh116/Desktop/C.O_2018/baseline
# Command line: vivado.exe -gui_launcher_event rodinguilauncherevent13100 D:\Users\lkh116\Desktop\C.O_2018\baseline\pipeline_cpu.xpr
# Log file: D:/Users/lkh116/Desktop/C.O_2018/baseline/vivado.log
# Journal file: D:/Users/lkh116/Desktop/C.O_2018/baseline\vivado.jou
#-----------------------------------------------------------
start_gui
open_project D:/Users/lkh116/Desktop/C.O_2018/baseline/pipeline_cpu.xpr
INFO: [Project 1-313] Project file moved from 'D:/Users/lkh116/Desktop/C.O_2018/pipeline_cpu_predictor' since last save.
Scanning sources...
Finished scanning sources
INFO: [IP_Flow 19-234] Refreshing IP repositories
INFO: [IP_Flow 19-1704] No user IP repositories specified
INFO: [IP_Flow 19-2313] Loaded Vivado IP repository 'D:/Xilinx/Vivado/2016.4/data/ip'.
open_project: Time (s): cpu = 00:00:07 ; elapsed = 00:00:07 . Memory (MB): peak = 811.098 ; gain = 133.215
launch_simulation
INFO: [SIM-utils-51] Simulation object is 'sim_1'
INFO: [USF-XSim-37] Inspecting design source files for 'cpu_TB' in fileset 'sim_1'...
INFO: [USF-XSim-97] Finding global include files...
INFO: [USF-XSim-98] Fetching design files from 'sim_1'...
INFO: [USF-XSim-2] XSim::Compile design
INFO: [USF-XSim-61] Executing 'COMPILE and ANALYZE' step in 'D:/Users/lkh116/Desktop/C.O_2018/baseline/pipeline_cpu.sim/sim_1/behav'
"xvlog -m64 --relax -prj cpu_TB_vlog.prj"
INFO: [VRFC 10-2263] Analyzing Verilog file "D:/Users/lkh116/Desktop/C.O_2018/baseline/pipeline_cpu.srcs/sources_1/imports/code/predictor.v" into library xil_defaultlib
INFO: [VRFC 10-311] analyzing module Branch_predictor
WARNING: [VRFC 10-1315] redeclaration of ansi port taken is not allowed [D:/Users/lkh116/Desktop/C.O_2018/baseline/pipeline_cpu.srcs/sources_1/imports/code/predictor.v:53]
WARNING: [VRFC 10-1315] redeclaration of ansi port target_addr is not allowed [D:/Users/lkh116/Desktop/C.O_2018/baseline/pipeline_cpu.srcs/sources_1/imports/code/predictor.v:54]
INFO: [VRFC 10-311] analyzing module Branch_predictor_always
WARNING: [VRFC 10-1315] redeclaration of ansi port taken is not allowed [D:/Users/lkh116/Desktop/C.O_2018/baseline/pipeline_cpu.srcs/sources_1/imports/code/predictor.v:170]
WARNING: [VRFC 10-1315] redeclaration of ansi port target_addr is not allowed [D:/Users/lkh116/Desktop/C.O_2018/baseline/pipeline_cpu.srcs/sources_1/imports/code/predictor.v:171]
INFO: [VRFC 10-2263] Analyzing Verilog file "D:/Users/lkh116/Desktop/C.O_2018/baseline/pipeline_cpu.srcs/sources_1/imports/code/Hazard_control.v" into library xil_defaultlib
INFO: [VRFC 10-311] analyzing module hazard_detector
INFO: [VRFC 10-311] analyzing module stall_unit
WARNING: [VRFC 10-1315] redeclaration of ansi port stall is not allowed [D:/Users/lkh116/Desktop/C.O_2018/baseline/pipeline_cpu.srcs/sources_1/imports/code/Hazard_control.v:45]
INFO: [VRFC 10-311] analyzing module forwarding_unit
WARNING: [VRFC 10-1315] redeclaration of ansi port stall is not allowed [D:/Users/lkh116/Desktop/C.O_2018/baseline/pipeline_cpu.srcs/sources_1/imports/code/Hazard_control.v:105]
WARNING: [VRFC 10-1315] redeclaration of ansi port ForwardA is not allowed [D:/Users/lkh116/Desktop/C.O_2018/baseline/pipeline_cpu.srcs/sources_1/imports/code/Hazard_control.v:106]
WARNING: [VRFC 10-1315] redeclaration of ansi port ForwardB is not allowed [D:/Users/lkh116/Desktop/C.O_2018/baseline/pipeline_cpu.srcs/sources_1/imports/code/Hazard_control.v:107]
INFO: [VRFC 10-2263] Analyzing Verilog file "D:/Users/lkh116/Desktop/C.O_2018/baseline/pipeline_cpu.srcs/sources_1/imports/code/RegisterFile.v" into library xil_defaultlib
INFO: [VRFC 10-311] analyzing module RegisterFile
INFO: [VRFC 10-2263] Analyzing Verilog file "D:/Users/lkh116/Desktop/C.O_2018/baseline/pipeline_cpu.srcs/sources_1/imports/code/controller.v" into library xil_defaultlib
INFO: [VRFC 10-311] analyzing module ALU
INFO: [VRFC 10-311] analyzing module control_unit
WARNING: [VRFC 10-1315] redeclaration of ansi port MemRead is not allowed [D:/Users/lkh116/Desktop/C.O_2018/baseline/pipeline_cpu.srcs/sources_1/imports/code/controller.v:36]
WARNING: [VRFC 10-1315] redeclaration of ansi port MemWrite is not allowed [D:/Users/lkh116/Desktop/C.O_2018/baseline/pipeline_cpu.srcs/sources_1/imports/code/controller.v:37]
WARNING: [VRFC 10-1315] redeclaration of ansi port RegDst is not allowed [D:/Users/lkh116/Desktop/C.O_2018/baseline/pipeline_cpu.srcs/sources_1/imports/code/controller.v:38]
WARNING: [VRFC 10-1315] redeclaration of ansi port Jump is not allowed [D:/Users/lkh116/Desktop/C.O_2018/baseline/pipeline_cpu.srcs/sources_1/imports/code/controller.v:39]
WARNING: [VRFC 10-1315] redeclaration of ansi port Jump_R is not allowed [D:/Users/lkh116/Desktop/C.O_2018/baseline/pipeline_cpu.srcs/sources_1/imports/code/controller.v:40]
WARNING: [VRFC 10-1315] redeclaration of ansi port Branch is not allowed [D:/Users/lkh116/Desktop/C.O_2018/baseline/pipeline_cpu.srcs/sources_1/imports/code/controller.v:41]
WARNING: [VRFC 10-1315] redeclaration of ansi port MemtoReg is not allowed [D:/Users/lkh116/Desktop/C.O_2018/baseline/pipeline_cpu.srcs/sources_1/imports/code/controller.v:42]
WARNING: [VRFC 10-1315] redeclaration of ansi port ALUOp is not allowed [D:/Users/lkh116/Desktop/C.O_2018/baseline/pipeline_cpu.srcs/sources_1/imports/code/controller.v:43]
WARNING: [VRFC 10-1315] redeclaration of ansi port ALUSrc1 is not allowed [D:/Users/lkh116/Desktop/C.O_2018/baseline/pipeline_cpu.srcs/sources_1/imports/code/controller.v:44]
WARNING: [VRFC 10-1315] redeclaration of ansi port ALUSrc2 is not allowed [D:/Users/lkh116/Desktop/C.O_2018/baseline/pipeline_cpu.srcs/sources_1/imports/code/controller.v:45]
WARNING: [VRFC 10-1315] redeclaration of ansi port RegWrite is not allowed [D:/Users/lkh116/Desktop/C.O_2018/baseline/pipeline_cpu.srcs/sources_1/imports/code/controller.v:46]
WARNING: [VRFC 10-1315] redeclaration of ansi port isWWD is not allowed [D:/Users/lkh116/Desktop/C.O_2018/baseline/pipeline_cpu.srcs/sources_1/imports/code/controller.v:47]
WARNING: [VRFC 10-1315] redeclaration of ansi port isHalt is not allowed [D:/Users/lkh116/Desktop/C.O_2018/baseline/pipeline_cpu.srcs/sources_1/imports/code/controller.v:48]
INFO: [VRFC 10-2263] Analyzing Verilog file "D:/Users/lkh116/Desktop/C.O_2018/baseline/pipeline_cpu.srcs/sources_1/imports/code/datapath.v" into library xil_defaultlib
INFO: [VRFC 10-311] analyzing module ALU
WARNING: [VRFC 10-1195] overwriting previous definition of module ALU [../../../pipeline_cpu.srcs/sources_1/imports/code/ALU.v:39]
INFO: [VRFC 10-311] analyzing module datapath
WARNING: [VRFC 10-1315] redeclaration of ansi port num_inst is not allowed [D:/Users/lkh116/Desktop/C.O_2018/baseline/pipeline_cpu.srcs/sources_1/imports/code/datapath.v:58]
WARNING: [VRFC 10-1315] redeclaration of ansi port output_port is not allowed [D:/Users/lkh116/Desktop/C.O_2018/baseline/pipeline_cpu.srcs/sources_1/imports/code/datapath.v:59]
WARNING: [VRFC 10-756] identifier reg_data is used before its declaration [D:/Users/lkh116/Desktop/C.O_2018/baseline/pipeline_cpu.srcs/sources_1/imports/code/datapath.v:90]
WARNING: [VRFC 10-756] identifier MemtoReg_reg is used before its declaration [D:/Users/lkh116/Desktop/C.O_2018/baseline/pipeline_cpu.srcs/sources_1/imports/code/datapath.v:91]
WARNING: [VRFC 10-756] identifier reg_data is used before its declaration [D:/Users/lkh116/Desktop/C.O_2018/baseline/pipeline_cpu.srcs/sources_1/imports/code/datapath.v:95]
WARNING: [VRFC 10-756] identifier MemtoReg_reg is used before its declaration [D:/Users/lkh116/Desktop/C.O_2018/baseline/pipeline_cpu.srcs/sources_1/imports/code/datapath.v:96]
WARNING: [VRFC 10-634] event expressions must result in a singular type [D:/Users/lkh116/Desktop/C.O_2018/baseline/pipeline_cpu.srcs/sources_1/imports/code/datapath.v:323]
INFO: [VRFC 10-311] analyzing module sign_extension
INFO: [VRFC 10-311] analyzing module comparator
INFO: [VRFC 10-2263] Analyzing Verilog file "D:/Users/lkh116/Desktop/C.O_2018/baseline/pipeline_cpu.srcs/sources_1/imports/code/memory.v" into library xil_defaultlib
INFO: [VRFC 10-311] analyzing module Memory
INFO: [VRFC 10-2263] Analyzing Verilog file "D:/Users/lkh116/Desktop/C.O_2018/baseline/pipeline_cpu.srcs/sources_1/imports/code/cpu.v" into library xil_defaultlib
INFO: [VRFC 10-311] analyzing module cpu
WARNING: [VRFC 10-1315] redeclaration of ansi port num_inst is not allowed [D:/Users/lkh116/Desktop/C.O_2018/baseline/pipeline_cpu.srcs/sources_1/imports/code/cpu.v:37]
WARNING: [VRFC 10-1315] redeclaration of ansi port output_port is not allowed [D:/Users/lkh116/Desktop/C.O_2018/baseline/pipeline_cpu.srcs/sources_1/imports/code/cpu.v:38]
INFO: [VRFC 10-2458] undeclared symbol stall, assumed default net type wire [D:/Users/lkh116/Desktop/C.O_2018/baseline/pipeline_cpu.srcs/sources_1/imports/code/cpu.v:46]
INFO: [VRFC 10-2458] undeclared symbol MemRead, assumed default net type wire [D:/Users/lkh116/Desktop/C.O_2018/baseline/pipeline_cpu.srcs/sources_1/imports/code/cpu.v:48]
INFO: [VRFC 10-2458] undeclared symbol MemWrite, assumed default net type wire [D:/Users/lkh116/Desktop/C.O_2018/baseline/pipeline_cpu.srcs/sources_1/imports/code/cpu.v:49]
INFO: [VRFC 10-2458] undeclared symbol Jump, assumed default net type wire [D:/Users/lkh116/Desktop/C.O_2018/baseline/pipeline_cpu.srcs/sources_1/imports/code/cpu.v:52]
INFO: [VRFC 10-2458] undeclared symbol Jump_R, assumed default net type wire [D:/Users/lkh116/Desktop/C.O_2018/baseline/pipeline_cpu.srcs/sources_1/imports/code/cpu.v:53]
INFO: [VRFC 10-2458] undeclared symbol Branch, assumed default net type wire [D:/Users/lkh116/Desktop/C.O_2018/baseline/pipeline_cpu.srcs/sources_1/imports/code/cpu.v:54]
INFO: [VRFC 10-2458] undeclared symbol MemtoReg, assumed default net type wire [D:/Users/lkh116/Desktop/C.O_2018/baseline/pipeline_cpu.srcs/sources_1/imports/code/cpu.v:55]
INFO: [VRFC 10-2458] undeclared symbol ALUSrc1, assumed default net type wire [D:/Users/lkh116/Desktop/C.O_2018/baseline/pipeline_cpu.srcs/sources_1/imports/code/cpu.v:57]
INFO: [VRFC 10-2458] undeclared symbol ALUSrc2, assumed default net type wire [D:/Users/lkh116/Desktop/C.O_2018/baseline/pipeline_cpu.srcs/sources_1/imports/code/cpu.v:58]
INFO: [VRFC 10-2458] undeclared symbol RegWrite, assumed default net type wire [D:/Users/lkh116/Desktop/C.O_2018/baseline/pipeline_cpu.srcs/sources_1/imports/code/cpu.v:59]
INFO: [VRFC 10-2458] undeclared symbol isWWD, assumed default net type wire [D:/Users/lkh116/Desktop/C.O_2018/baseline/pipeline_cpu.srcs/sources_1/imports/code/cpu.v:61]
INFO: [VRFC 10-2458] undeclared symbol isHalt, assumed default net type wire [D:/Users/lkh116/Desktop/C.O_2018/baseline/pipeline_cpu.srcs/sources_1/imports/code/cpu.v:62]
INFO: [VRFC 10-2263] Analyzing Verilog file "D:/Users/lkh116/Desktop/C.O_2018/baseline/pipeline_cpu.srcs/sim_1/imports/sim/cpu_TB.v" into library xil_defaultlib
INFO: [VRFC 10-311] analyzing module cpu_TB
INFO: [VRFC 10-2263] Analyzing Verilog file "D:/Users/lkh116/Desktop/C.O_2018/baseline/pipeline_cpu.sim/sim_1/behav/glbl.v" into library xil_defaultlib
INFO: [VRFC 10-311] analyzing module glbl
run_program: Time (s): cpu = 00:00:01 ; elapsed = 00:00:05 . Memory (MB): peak = 826.441 ; gain = 0.000
INFO: [USF-XSim-69] 'compile' step finished in '5' seconds
INFO: [USF-XSim-3] XSim::Elaborate design
INFO: [USF-XSim-61] Executing 'ELABORATE' step in 'D:/Users/lkh116/Desktop/C.O_2018/baseline/pipeline_cpu.sim/sim_1/behav'
Vivado Simulator 2016.4
Copyright 1986-1999, 2001-2016 Xilinx, Inc. All Rights Reserved.
Running: D:/Xilinx/Vivado/2016.4/bin/unwrapped/win64.o/xelab.exe -wto e7332c2036a44b54bff7ce42bd925476 --debug typical --relax --mt 2 -L xil_defaultlib -L unisims_ver -L unimacro_ver -L secureip --snapshot cpu_TB_behav xil_defaultlib.cpu_TB xil_defaultlib.glbl -log elaborate.log 
Using 2 slave threads.
Starting static elaboration
WARNING: [VRFC 10-278] actual bit length 32 differs from formal bit length 16 for port PC_prev [D:/Users/lkh116/Desktop/C.O_2018/baseline/pipeline_cpu.srcs/sources_1/imports/code/datapath.v:482]
Completed static elaboration
Starting simulation data flow analysis
WARNING: [XSIM 43-4099] "D:/Users/lkh116/Desktop/C.O_2018/baseline/pipeline_cpu.srcs/sources_1/imports/code/controller.v" Line 11. Module control_unit doesn't have a timescale but at least one module in design has a timescale.
WARNING: [XSIM 43-4099] "D:/Users/lkh116/Desktop/C.O_2018/baseline/pipeline_cpu.srcs/sources_1/imports/code/datapath.v" Line 11. Module datapath doesn't have a timescale but at least one module in design has a timescale.
WARNING: [XSIM 43-4099] "D:/Users/lkh116/Desktop/C.O_2018/baseline/pipeline_cpu.srcs/sources_1/imports/code/RegisterFile.v" Line 22. Module RegisterFile doesn't have a timescale but at least one module in design has a timescale.
WARNING: [XSIM 43-4099] "../../../pipeline_cpu.srcs/sources_1/imports/code/ALU.v" Line 39. Module ALU doesn't have a timescale but at least one module in design has a timescale.
WARNING: [XSIM 43-4099] "D:/Users/lkh116/Desktop/C.O_2018/baseline/pipeline_cpu.srcs/sources_1/imports/code/datapath.v" Line 516. Module comparator doesn't have a timescale but at least one module in design has a timescale.
WARNING: [XSIM 43-4099] "D:/Users/lkh116/Desktop/C.O_2018/baseline/pipeline_cpu.srcs/sources_1/imports/code/Hazard_control.v" Line 4. Module hazard_detector doesn't have a timescale but at least one module in design has a timescale.
WARNING: [XSIM 43-4099] "D:/Users/lkh116/Desktop/C.O_2018/baseline/pipeline_cpu.srcs/sources_1/imports/code/Hazard_control.v" Line 82. Module forwarding_unit doesn't have a timescale but at least one module in design has a timescale.
WARNING: [XSIM 43-4099] "D:/Users/lkh116/Desktop/C.O_2018/baseline/pipeline_cpu.srcs/sources_1/imports/code/predictor.v" Line 20. Module Branch_predictor doesn't have a timescale but at least one module in design has a timescale.
WARNING: [XSIM 43-4099] "D:/Users/lkh116/Desktop/C.O_2018/baseline/pipeline_cpu.srcs/sources_1/imports/code/datapath.v" Line 508. Module sign_extension doesn't have a timescale but at least one module in design has a timescale.
WARNING: [XSIM 43-4099] "D:/Users/lkh116/Desktop/C.O_2018/baseline/pipeline_cpu.srcs/sources_1/imports/code/controller.v" Line 11. Module control_unit doesn't have a timescale but at least one module in design has a timescale.
WARNING: [XSIM 43-4099] "D:/Users/lkh116/Desktop/C.O_2018/baseline/pipeline_cpu.srcs/sources_1/imports/code/datapath.v" Line 11. Module datapath doesn't have a timescale but at least one module in design has a timescale.
WARNING: [XSIM 43-4099] "D:/Users/lkh116/Desktop/C.O_2018/baseline/pipeline_cpu.srcs/sources_1/imports/code/RegisterFile.v" Line 22. Module RegisterFile doesn't have a timescale but at least one module in design has a timescale.
WARNING: [XSIM 43-4099] "../../../pipeline_cpu.srcs/sources_1/imports/code/ALU.v" Line 39. Module ALU doesn't have a timescale but at least one module in design has a timescale.
WARNING: [XSIM 43-4099] "D:/Users/lkh116/Desktop/C.O_2018/baseline/pipeline_cpu.srcs/sources_1/imports/code/datapath.v" Line 516. Module comparator doesn't have a timescale but at least one module in design has a timescale.
WARNING: [XSIM 43-4099] "D:/Users/lkh116/Desktop/C.O_2018/baseline/pipeline_cpu.srcs/sources_1/imports/code/Hazard_control.v" Line 4. Module hazard_detector doesn't have a timescale but at least one module in design has a timescale.
WARNING: [XSIM 43-4099] "D:/Users/lkh116/Desktop/C.O_2018/baseline/pipeline_cpu.srcs/sources_1/imports/code/Hazard_control.v" Line 82. Module forwarding_unit doesn't have a timescale but at least one module in design has a timescale.
WARNING: [XSIM 43-4099] "D:/Users/lkh116/Desktop/C.O_2018/baseline/pipeline_cpu.srcs/sources_1/imports/code/predictor.v" Line 20. Module Branch_predictor doesn't have a timescale but at least one module in design has a timescale.
WARNING: [XSIM 43-4099] "D:/Users/lkh116/Desktop/C.O_2018/baseline/pipeline_cpu.srcs/sources_1/imports/code/datapath.v" Line 508. Module sign_extension doesn't have a timescale but at least one module in design has a timescale.
Completed simulation data flow analysis
Time Resolution for simulation is 1ps
Compiling module xil_defaultlib.control_unit
Compiling module xil_defaultlib.RegisterFile
Compiling module xil_defaultlib.ALU
Compiling module xil_defaultlib.comparator
Compiling module xil_defaultlib.hazard_detector
Compiling module xil_defaultlib.forwarding_unit
Compiling module xil_defaultlib.Branch_predictor
Compiling module xil_defaultlib.sign_extension
Compiling module xil_defaultlib.datapath
Compiling module xil_defaultlib.cpu
Compiling module xil_defaultlib.Memory
Compiling module xil_defaultlib.cpu_TB
Compiling module xil_defaultlib.glbl
Built simulation snapshot cpu_TB_behav

****** Webtalk v2016.4 (64-bit)
  **** SW Build 1756540 on Mon Jan 23 19:11:23 MST 2017
  **** IP Build 1755317 on Mon Jan 23 20:30:07 MST 2017
    ** Copyright 1986-2016 Xilinx, Inc. All Rights Reserved.

source D:/Users/lkh116/Desktop/C.O_2018/baseline/pipeline_cpu.sim/sim_1/behav/xsim.dir/cpu_TB_behav/webtalk/xsim_webtalk.tcl -notrace
INFO: [Common 17-186] 'D:/Users/lkh116/Desktop/C.O_2018/baseline/pipeline_cpu.sim/sim_1/behav/xsim.dir/cpu_TB_behav/webtalk/usage_statistics_ext_xsim.xml' has been successfully sent to Xilinx on Fri May 25 00:08:16 2018. For additional details about this file, please refer to the WebTalk help file at D:/Xilinx/Vivado/2016.4/doc/webtalk_introduction.html.
INFO: [Common 17-206] Exiting Webtalk at Fri May 25 00:08:16 2018...
run_program: Time (s): cpu = 00:00:01 ; elapsed = 00:00:07 . Memory (MB): peak = 826.441 ; gain = 0.000
INFO: [USF-XSim-69] 'elaborate' step finished in '8' seconds
INFO: [USF-XSim-4] XSim::Simulate design
INFO: [USF-XSim-61] Executing 'SIMULATE' step in 'D:/Users/lkh116/Desktop/C.O_2018/baseline/pipeline_cpu.sim/sim_1/behav'
INFO: [USF-XSim-98] *** Running xsim
   with args "cpu_TB_behav -key {Behavioral:sim_1:Functional:cpu_TB} -tclbatch {cpu_TB.tcl} -view {D:/Users/lkh116/Desktop/C.O_2018/baseline/cpu_TB_behav.wcfg} -log {simulate.log}"
INFO: [USF-XSim-8] Loading simulator feature
Vivado Simulator 2016.4
Time resolution is 1 ps
open_wave_config D:/Users/lkh116/Desktop/C.O_2018/baseline/cpu_TB_behav.wcfg
source cpu_TB.tcl
# set curr_wave [current_wave_config]
# if { [string length $curr_wave] == 0 } {
#   if { [llength [get_objects]] > 0} {
#     add_wave /
#     set_property needs_save false [current_wave_config]
#   } else {
#      send_msg_id Add_Wave-1 WARNING "No top level signals found. Simulator will start without a wave window. If you want to open a wave window go to 'File->New Waveform Configuration' or type 'create_wave_config' in the TCL console."
#   }
# }
# run 1000ns
INFO: [USF-XSim-96] XSim completed. Design snapshot 'cpu_TB_behav' loaded.
INFO: [USF-XSim-97] XSim simulation ran for 1000ns
launch_simulation: Time (s): cpu = 00:00:05 ; elapsed = 00:00:16 . Memory (MB): peak = 826.441 ; gain = 0.000
run all
Clock # 1086
The testbench is finished. Summarizing...
All Pass!
$finish called at time : 108750 ns : File "D:/Users/lkh116/Desktop/C.O_2018/baseline/pipeline_cpu.srcs/sim_1/imports/sim/cpu_TB.v" Line 159
The simulator has terminated in an unexpected manner with exit code 1.  Please review the simulation log (xsim.log) for details.
