#-----------------------------------------------------------
# Vivado v2016.4 (64-bit)
# SW Build 1756540 on Mon Jan 23 19:11:23 MST 2017
# IP Build 1755317 on Mon Jan 23 20:30:07 MST 2017
# Start of session at: Fri Mar 16 23:43:02 2018
# Process ID: 9836
# Current directory: C:/Users/HP/Desktop/C.O_proj/ALU
# Command line: vivado.exe -gui_launcher_event rodinguilauncherevent15760 C:\Users\HP\Desktop\C.O_proj\ALU\ALU.xpr
# Log file: C:/Users/HP/Desktop/C.O_proj/ALU/vivado.log
# Journal file: C:/Users/HP/Desktop/C.O_proj/ALU\vivado.jou
#-----------------------------------------------------------
start_gui
open_project C:/Users/HP/Desktop/C.O_proj/ALU/ALU.xpr
CRITICAL WARNING: [Project 1-19] Could not find the file 'C:/Users/HP/Desktop/C.O_proj/ALU/ALU_TB.v'.
Scanning sources...
Finished scanning sources
INFO: [IP_Flow 19-234] Refreshing IP repositories
INFO: [IP_Flow 19-1704] No user IP repositories specified
INFO: [Common 17-41] Interrupt caught. Command should exit soon.
INFO: [IP_Flow 19-2313] Loaded Vivado IP repository 'C:/Xilinx/Vivado/2016.4/data/ip'.
INFO: [IP_Flow 19-2338] Canceling the changes to the IP catalog. Reverting the catalog back to its previous state.
INFO: [IP_Flow 19-2340] The IP catalog has been returned to its previous state.
INFO: [Common 17-344] 'open_project' was cancelled
add_files -norecurse C:/Users/HP/Desktop/C.O_proj/ALU/ALU.srcs/sources_1/new/ALU.v
WARNING: [filemgmt 56-12] File 'C:/Users/HP/Desktop/C.O_proj/ALU/ALU.srcs/sources_1/new/ALU.v' cannot be added to the project because it already exists in the project, skipping this file
set_property SOURCE_SET sources_1 [get_filesets sim_1]
add_files -fileset sim_1 -norecurse C:/Users/HP/Desktop/C.O_proj/ALU/ALU_TB.v
WARNING: [filemgmt 56-12] File 'C:/Users/HP/Desktop/C.O_proj/ALU/ALU_TB.v' cannot be added to the project because it already exists in the project, skipping this file
set_property SOURCE_SET sources_1 [get_filesets sim_1]
add_files -fileset sim_1 -norecurse -scan_for_includes C:/Users/HP/Desktop/C.O_proj/ALU/ALU_TB.v
WARNING: [filemgmt 56-12] File 'C:/Users/HP/Desktop/C.O_proj/ALU/ALU_TB.v' cannot be added to the project because it already exists in the project, skipping this file
add_files -norecurse -scan_for_includes C:/Users/HP/Desktop/C.O_proj/ALU/ALU.srcs/sources_1/new/ALU.v
WARNING: [filemgmt 56-12] File 'C:/Users/HP/Desktop/C.O_proj/ALU/ALU.srcs/sources_1/new/ALU.v' cannot be added to the project because it already exists in the project, skipping this file
import_files -norecurse C:/Users/HP/Desktop/C.O_proj/ALU/ALU.srcs/sources_1/new/ALU.v
exit
INFO: [Common 17-206] Exiting Vivado at Fri Mar 16 23:51:08 2018...
