Unable to capture context for thread 11844 in process 17960, can not generate back trace
Unable to capture context for thread 17208 in process 17960, can not generate back trace
Exception at PC 0x00007FFD2785BB93
Printing stacktrace...

Unable to capture context for thread 17208 in process 17960, can not generate back trace
Exception at PC 0x00007FFD99D74008
Exception at PC 0x00007FFD99D74008
Exception at PC 0x00007FFD99D74008
Exception at PC 0x00007FFD99D74008
Exception at PC 0x00007FFD99D74008
Exception at PC 0x00007FFD99D74008
Exception at PC 0x00007FFD99D74008
Exception at PC 0x00007FFD99D74008
Exception at PC 0x00007FFD99D74008
Exception at PC 0x00007FFD99D74008
Exception at PC 0x00007FFD99D74008
Exception at PC 0x00007FFD99D74008
Exception at PC 0x00007FFD99D74008
Exception at PC 0x00007FFD99D74008
[0]  [0x00007FFD2785BB93]
[1]  [0x00007FFD2785BB93]
[2]  [0x00007FFD2785B4A1]
[3]  [0x00007FFD2785B3EF]
[4]  [0x00007FFD278419FE]
[5]  [0x00007FFD27840ED1]
[6]  [0x00007FFD27840D76]
[7]  [0x00007FFD277E79F6]
[8]  [0x00007FFD277D7AFB]
[9]  [0x00007FFD278FE90A]
[10]  [0x00007FFD27919F87]
[11]  [0x00007FFD2791A05F]
[12] (BaseThreadInitThunk+0x14) [0x00007FFD9AD71FE4]
[13] (RtlUserThreadStart+0x21) [0x00007FFD9D8FEFC1]
Done
Exception at PC 0x00007FFD99D74008
Exception at PC 0x00007FFD99D74008
Exception at PC 0x00007FFD99D74008
Exception at PC 0x00007FFD99D74008
